Using pre-set license
Built from '2020.3/staging' branch; Version is '2020.3.4f1 (0abb6314276a) revision 703331'; Using compiler version '192528614'; Build Type 'Release'
OS: 'Windows 10 Pro; OS build 19044.1766; Version 2009; 64bit' Language: 'ja' Physical Memory: 16216 MB
BatchMode: 1, IsHumanControllingUs: 0, StartBugReporterOnCrash: 0, Is64bit: 1, IsPro: 0

 COMMAND LINE ARGUMENTS:
C:\Program Files\Unity\Hub\Editor\2020.3.4f1\Editor\Unity.exe
-adb2
-batchMode
-noUpm
-name
AssetImportWorker0
-projectPath
D:/Hokaze/Unity Project/Disturbance Suvival
-logFile
Logs/AssetImportWorker0.log
-srvPort
63747
Successfully changed project path to: D:/Hokaze/Unity Project/Disturbance Suvival
D:/Hokaze/Unity Project/Disturbance Suvival
Using Asset Import Pipeline V2.
Default GameObject BitMask: UI already registered

Refreshing native plugins compatible for Editor in 39.31 ms, found 4 plugins.
Preloading 0 native plugins for Editor in 0.00 ms.
Initialize engine version: 2020.3.4f1 (0abb6314276a)
[Subsystems] Discovering subsystems at path C:/Program Files/Unity/Hub/Editor/2020.3.4f1/Editor/Data/Resources/UnitySubsystems
[Subsystems] Discovering subsystems at path D:/Hokaze/Unity Project/Disturbance Suvival/Assets
GfxDevice: creating device client; threaded=0
Direct3D:
    Version:  Direct3D 11.0 [level 11.1]
    Renderer: NVIDIA GeForce RTX 2060 (ID=0x1f15)
    Vendor:   
    VRAM:     5980 MB
    Driver:   31.0.15.1640
Initialize mono
Mono path[0] = 'C:/Program Files/Unity/Hub/Editor/2020.3.4f1/Editor/Data/Managed'
Mono path[1] = 'C:/Program Files/Unity/Hub/Editor/2020.3.4f1/Editor/Data/MonoBleedingEdge/lib/mono/unityjit'
Mono config path = 'C:/Program Files/Unity/Hub/Editor/2020.3.4f1/Editor/Data/MonoBleedingEdge/etc'
Using monoOptions --debugger-agent=transport=dt_socket,embedding=1,server=y,suspend=n,address=127.0.0.1:56376
Begin MonoManager ReloadAssembly
Registering precompiled unity dll's ...
Register platform support module: C:/Program Files/Unity/Hub/Editor/2020.3.4f1/Editor/Data/PlaybackEngines/WebGLSupport/UnityEditor.WebGL.Extensions.dll
Register platform support module: C:/Program Files/Unity/Hub/Editor/2020.3.4f1/Editor/Data/PlaybackEngines/WindowsStandaloneSupport/UnityEditor.WindowsStandalone.Extensions.dll
Registered in 0.002570 seconds.
Native extension for WindowsStandalone target not found
Native extension for WebGL target not found
Refreshing native plugins compatible for Editor in 36.98 ms, found 4 plugins.
Preloading 0 native plugins for Editor in 0.00 ms.
Mono: successfully reloaded assembly
- Completed reload, in  1.929 seconds
Platform modules already initialized, skipping
Registering precompiled user dll's ...
Registered in 0.001082 seconds.
Begin MonoManager ReloadAssembly
Native extension for WindowsStandalone target not found
Native extension for WebGL target not found
Refreshing native plugins compatible for Editor in 34.01 ms, found 4 plugins.
Preloading 0 native plugins for Editor in 0.00 ms.
Mono: successfully reloaded assembly
- Completed reload, in  0.819 seconds
Platform modules already initialized, skipping
========================================================================
Worker process is ready to serve import requests
Default GameObject BitMask: UI already registered

Launched and connected shader compiler UnityShaderCompiler.exe after 0.04 seconds
Refreshing native plugins compatible for Editor in 0.40 ms, found 4 plugins.
Preloading 0 native plugins for Editor in 0.00 ms.
Unloading 1991 Unused Serialized files (Serialized files now loaded: 0)
System memory in use before: 94.0 MB.
System memory in use after: 93.9 MB.

Unloading 31 unused Assets to reduce memory usage. Loaded Objects now: 2428.
Total: 2.013700 ms (FindLiveObjects: 0.353600 ms CreateObjectMapping: 0.133900 ms MarkObjects: 1.430400 ms  DeleteObjects: 0.095000 ms)

========================================================================
Received Import Request.
  path: Assets/Scenes/SampleScene2.unity
  artifactKey: Guid(df87fb2330203fb40a72c2c274a85b47) Importer(815301076,1909f56bfc062723c751e8b465ee728b)
Start importing Assets/Scenes/SampleScene2.unity using Guid(df87fb2330203fb40a72c2c274a85b47) Importer(815301076,1909f56bfc062723c751e8b465ee728b)  -> (artifact id: 'b558b634710011cf69fdef8144e2fcdb') in 0.013176 seconds
  Import took 0.016120 seconds .

========================================================================
Received Prepare
Default GameObject BitMask: UI already registered

Registering precompiled user dll's ...
Registered in 0.001154 seconds.
Begin MonoManager ReloadAssembly
Native extension for WindowsStandalone target not found
Native extension for WebGL target not found
Refreshing native plugins compatible for Editor in 0.49 ms, found 4 plugins.
Preloading 0 native plugins for Editor in 0.00 ms.
Mono: successfully reloaded assembly
- Completed reload, in  0.733 seconds
Platform modules already initialized, skipping
Refreshing native plugins compatible for Editor in 0.40 ms, found 4 plugins.
Preloading 0 native plugins for Editor in 0.00 ms.
Unloading 1978 Unused Serialized files (Serialized files now loaded: 0)
System memory in use before: 93.3 MB.
System memory in use after: 93.3 MB.

Unloading 21 unused Assets to reduce memory usage. Loaded Objects now: 2430.
Total: 1.869200 ms (FindLiveObjects: 0.198100 ms CreateObjectMapping: 0.066200 ms MarkObjects: 1.525100 ms  DeleteObjects: 0.079100 ms)

========================================================================
Received Import Request.
  Time since last request: 30.366994 seconds.
  path: Assets/Effect/New_claw/Damage_Player 1.png
  artifactKey: Guid(b02a9bd7bcaaeaf44b4742d9908a2ddc) Importer(815301076,1909f56bfc062723c751e8b465ee728b)
Start importing Assets/Effect/New_claw/Damage_Player 1.png using Guid(b02a9bd7bcaaeaf44b4742d9908a2ddc) Importer(815301076,1909f56bfc062723c751e8b465ee728b)  -> (artifact id: '647c9ac5e785b4777cfa59b1299440b3') in 0.097565 seconds
  Import took 0.100468 seconds .

========================================================================
Received Import Request.
  Time since last request: 0.000305 seconds.
  path: Assets/Effect/New_claw/Damage_Player_0.prefab
  artifactKey: Guid(961189efbba077c42aa60f868f31616c) Importer(815301076,1909f56bfc062723c751e8b465ee728b)
Start importing Assets/Effect/New_claw/Damage_Player_0.prefab using Guid(961189efbba077c42aa60f868f31616c) Importer(815301076,1909f56bfc062723c751e8b465ee728b)  -> (artifact id: '4e8990b7760c3a3e5e9cfc2eadcb0a47') in 0.033190 seconds
  Import took 0.035799 seconds .

========================================================================
Received Import Request.
  Time since last request: 0.000218 seconds.
  path: Assets/Effect/New_claw/Damage_Player_02_0.prefab
  artifactKey: Guid(5d91ec6984466d740bdedee09bd2e41d) Importer(815301076,1909f56bfc062723c751e8b465ee728b)
Start importing Assets/Effect/New_claw/Damage_Player_02_0.prefab using Guid(5d91ec6984466d740bdedee09bd2e41d) Importer(815301076,1909f56bfc062723c751e8b465ee728b)  -> (artifact id: '7c8279339e09eb51946d6d08a8048eed') in 0.010845 seconds
  Import took 0.013461 seconds .

========================================================================
Received Import Request.
  Time since last request: 0.000236 seconds.
  path: Assets/Effect/New_claw/Damage_Player_02.png
  artifactKey: Guid(6f70cfee91921114883dbdc05186ca78) Importer(815301076,1909f56bfc062723c751e8b465ee728b)
Start importing Assets/Effect/New_claw/Damage_Player_02.png using Guid(6f70cfee91921114883dbdc05186ca78) Importer(815301076,1909f56bfc062723c751e8b465ee728b)  -> (artifact id: '6d8482ed0f21112859bf1f36f9b5d37d') in 0.041452 seconds
  Import took 0.044059 seconds .

========================================================================
Received Prepare
Default GameObject BitMask: UI already registered

Registering precompiled user dll's ...
Registered in 0.001460 seconds.
Begin MonoManager ReloadAssembly
Native extension for WindowsStandalone target not found
Native extension for WebGL target not found
Refreshing native plugins compatible for Editor in 0.48 ms, found 4 plugins.
Preloading 0 native plugins for Editor in 0.00 ms.
Mono: successfully reloaded assembly
- Completed reload, in  0.769 seconds
Platform modules already initialized, skipping
Refreshing native plugins compatible for Editor in 0.39 ms, found 4 plugins.
Preloading 0 native plugins for Editor in 0.00 ms.
Unloading 1978 Unused Serialized files (Serialized files now loaded: 0)
System memory in use before: 96.3 MB.
System memory in use after: 96.3 MB.

Unloading 19 unused Assets to reduce memory usage. Loaded Objects now: 2444.
Total: 1.831300 ms (FindLiveObjects: 0.199000 ms CreateObjectMapping: 0.058600 ms MarkObjects: 1.489500 ms  DeleteObjects: 0.083500 ms)

========================================================================
Received Import Request.
  Time since last request: 74.790180 seconds.
  path: Assets/Effect/New_claw/Damage_Player_02_0.prefab
  artifactKey: Guid(5d91ec6984466d740bdedee09bd2e41d) Importer(815301076,1909f56bfc062723c751e8b465ee728b)
Start importing Assets/Effect/New_claw/Damage_Player_02_0.prefab using Guid(5d91ec6984466d740bdedee09bd2e41d) Importer(815301076,1909f56bfc062723c751e8b465ee728b)  -> (artifact id: 'd13720b02bb3104577371becd8eba01c') in 0.045428 seconds
  Import took 0.048400 seconds .

========================================================================
Received Prepare
Default GameObject BitMask: UI already registered

Registering precompiled user dll's ...
Registered in 0.001268 seconds.
Begin MonoManager ReloadAssembly
Native extension for WindowsStandalone target not found
Native extension for WebGL target not found
Refreshing native plugins compatible for Editor in 0.37 ms, found 4 plugins.
Preloading 0 native plugins for Editor in 0.00 ms.
Mono: successfully reloaded assembly
- Completed reload, in  0.736 seconds
Platform modules already initialized, skipping
Refreshing native plugins compatible for Editor in 0.38 ms, found 4 plugins.
Preloading 0 native plugins for Editor in 0.00 ms.
Unloading 1978 Unused Serialized files (Serialized files now loaded: 0)
System memory in use before: 96.4 MB.
System memory in use after: 96.4 MB.

Unloading 19 unused Assets to reduce memory usage. Loaded Objects now: 2449.
Total: 2.206400 ms (FindLiveObjects: 0.266900 ms CreateObjectMapping: 0.120400 ms MarkObjects: 1.714600 ms  DeleteObjects: 0.103500 ms)

========================================================================
Received Import Request.
  Time since last request: 125.277998 seconds.
  path: Assets/Purefubs/Player.prefab
  artifactKey: Guid(50e5551e427a00647b2604a172f07e95) Importer(815301076,1909f56bfc062723c751e8b465ee728b)
Start importing Assets/Purefubs/Player.prefab using Guid(50e5551e427a00647b2604a172f07e95) Importer(815301076,1909f56bfc062723c751e8b465ee728b)  -> (artifact id: '8c8c3276420b64a37179e0fae13f609c') in 0.050055 seconds
  Import took 0.052792 seconds .

========================================================================
Received Import Request.
  Time since last request: 52.402312 seconds.
  path: Assets/Purefubs/Systems/Item.prefab
  artifactKey: Guid(e2719a63ddbad3d41b4d4bd97274a34b) Importer(815301076,1909f56bfc062723c751e8b465ee728b)
Start importing Assets/Purefubs/Systems/Item.prefab using Guid(e2719a63ddbad3d41b4d4bd97274a34b) Importer(815301076,1909f56bfc062723c751e8b465ee728b)  -> (artifact id: '103a64c03466b60745ba152737aa14b7') in 0.007468 seconds
  Import took 0.010956 seconds .

========================================================================
Received Import Request.
  Time since last request: 105.333487 seconds.
  path: Assets/Resources/Images/VisualEffect_Lighter.png
  artifactKey: Guid(96463971de9a6e946b90f5aa7b022257) Importer(815301076,1909f56bfc062723c751e8b465ee728b)
Start importing Assets/Resources/Images/VisualEffect_Lighter.png using Guid(96463971de9a6e946b90f5aa7b022257) Importer(815301076,1909f56bfc062723c751e8b465ee728b)  -> (artifact id: '3f8c2712ced10f6f02223e20a8a93558') in 0.036628 seconds
  Import took 0.039471 seconds .

========================================================================
Received Import Request.
  Time since last request: 34.541288 seconds.
  path: Assets/Resources/Images/VisualEffect_Default.png
  artifactKey: Guid(ec9e090eae9d6b44b97c5a48d9b10d28) Importer(815301076,1909f56bfc062723c751e8b465ee728b)
Start importing Assets/Resources/Images/VisualEffect_Default.png using Guid(ec9e090eae9d6b44b97c5a48d9b10d28) Importer(815301076,1909f56bfc062723c751e8b465ee728b)  -> (artifact id: '19c1a799428f55adccbf439cfa463673') in 0.012367 seconds
  Import took 0.015185 seconds .

========================================================================
Received Import Request.
  Time since last request: 0.000770 seconds.
  path: Assets/Resources/Images/VisualEffect_Default.png
  artifactKey: Guid(ec9e090eae9d6b44b97c5a48d9b10d28) Importer(815301076,1909f56bfc062723c751e8b465ee728b)
Start importing Assets/Resources/Images/VisualEffect_Default.png using Guid(ec9e090eae9d6b44b97c5a48d9b10d28) Importer(815301076,1909f56bfc062723c751e8b465ee728b)  -> (artifact id: '19c1a799428f55adccbf439cfa463673') in 0.016633 seconds
  Import took 0.019346 seconds .

========================================================================
Received Import Request.
  Time since last request: 13.969673 seconds.
  path: Assets/Resources/Images/VisualEffect_Lantern.png
  artifactKey: Guid(7ed24536767962a48a6ccd0e36124285) Importer(815301076,1909f56bfc062723c751e8b465ee728b)
Start importing Assets/Resources/Images/VisualEffect_Lantern.png using Guid(7ed24536767962a48a6ccd0e36124285) Importer(815301076,1909f56bfc062723c751e8b465ee728b)  -> (artifact id: '099744517529a1d30d55dc9607f74fce') in 0.011511 seconds
  Import took 0.014392 seconds .

========================================================================
Received Import Request.
  Time since last request: 0.001299 seconds.
  path: Assets/Resources/Images/VisualEffect_Lantern.png
  artifactKey: Guid(7ed24536767962a48a6ccd0e36124285) Importer(815301076,1909f56bfc062723c751e8b465ee728b)
Start importing Assets/Resources/Images/VisualEffect_Lantern.png using Guid(7ed24536767962a48a6ccd0e36124285) Importer(815301076,1909f56bfc062723c751e8b465ee728b)  -> (artifact id: '099744517529a1d30d55dc9607f74fce') in 0.014635 seconds
  Import took 0.017508 seconds .

========================================================================
Received Import Request.
  Time since last request: 12.000889 seconds.
  path: Assets/Resources/Images/VisualEffect_NightVisionGoggle.png
  artifactKey: Guid(147bd02b8d1db7f4b8658e8904d57c45) Importer(815301076,1909f56bfc062723c751e8b465ee728b)
Start importing Assets/Resources/Images/VisualEffect_NightVisionGoggle.png using Guid(147bd02b8d1db7f4b8658e8904d57c45) Importer(815301076,1909f56bfc062723c751e8b465ee728b)  -> (artifact id: 'c05594f116e7e69ede5a60f293728d51') in 0.012972 seconds
  Import took 0.015758 seconds .

========================================================================
Received Import Request.
  Time since last request: 0.022765 seconds.
  path: Assets/Resources/Images/VisualEffect_NightVisionGoggle.png
  artifactKey: Guid(147bd02b8d1db7f4b8658e8904d57c45) Importer(815301076,1909f56bfc062723c751e8b465ee728b)
Start importing Assets/Resources/Images/VisualEffect_NightVisionGoggle.png using Guid(147bd02b8d1db7f4b8658e8904d57c45) Importer(815301076,1909f56bfc062723c751e8b465ee728b)  -> (artifact id: 'c05594f116e7e69ede5a60f293728d51') in 0.015748 seconds
  Import took 0.018671 seconds .

========================================================================
Received Prepare
Default GameObject BitMask: UI already registered

Registering precompiled user dll's ...
Registered in 0.001217 seconds.
Begin MonoManager ReloadAssembly
Native extension for WindowsStandalone target not found
Native extension for WebGL target not found
Refreshing native plugins compatible for Editor in 0.37 ms, found 4 plugins.
Preloading 0 native plugins for Editor in 0.00 ms.
Mono: successfully reloaded assembly
- Completed reload, in  0.745 seconds
Platform modules already initialized, skipping
Refreshing native plugins compatible for Editor in 0.40 ms, found 4 plugins.
Preloading 0 native plugins for Editor in 0.00 ms.
Unloading 1978 Unused Serialized files (Serialized files now loaded: 0)
System memory in use before: 96.4 MB.
System memory in use after: 96.4 MB.

Unloading 19 unused Assets to reduce memory usage. Loaded Objects now: 2456.
Total: 2.013400 ms (FindLiveObjects: 0.245400 ms CreateObjectMapping: 0.072700 ms MarkObjects: 1.558900 ms  DeleteObjects: 0.135200 ms)

========================================================================
Received Prepare
Default GameObject BitMask: UI already registered

Registering precompiled user dll's ...
Registered in 0.001171 seconds.
Begin MonoManager ReloadAssembly
Native extension for WindowsStandalone target not found
Native extension for WebGL target not found
Refreshing native plugins compatible for Editor in 0.36 ms, found 4 plugins.
Preloading 0 native plugins for Editor in 0.00 ms.
Mono: successfully reloaded assembly
- Completed reload, in  0.706 seconds
Platform modules already initialized, skipping
Refreshing native plugins compatible for Editor in 0.48 ms, found 4 plugins.
Preloading 0 native plugins for Editor in 0.00 ms.
Unloading 1978 Unused Serialized files (Serialized files now loaded: 0)
System memory in use before: 96.4 MB.
System memory in use after: 96.4 MB.

Unloading 19 unused Assets to reduce memory usage. Loaded Objects now: 2460.
Total: 1.957600 ms (FindLiveObjects: 0.203100 ms CreateObjectMapping: 0.087600 ms MarkObjects: 1.559200 ms  DeleteObjects: 0.106400 ms)

========================================================================
Received Prepare
Default GameObject BitMask: UI already registered

Registering precompiled user dll's ...
Registered in 0.001345 seconds.
Begin MonoManager ReloadAssembly
Native extension for WindowsStandalone target not found
Native extension for WebGL target not found
Refreshing native plugins compatible for Editor in 0.38 ms, found 4 plugins.
Preloading 0 native plugins for Editor in 0.00 ms.
Mono: successfully reloaded assembly
- Completed reload, in  0.723 seconds
Platform modules already initialized, skipping
Refreshing native plugins compatible for Editor in 0.40 ms, found 4 plugins.
Preloading 0 native plugins for Editor in 0.00 ms.
Unloading 1978 Unused Serialized files (Serialized files now loaded: 0)
System memory in use before: 96.4 MB.
System memory in use after: 96.4 MB.

Unloading 19 unused Assets to reduce memory usage. Loaded Objects now: 2464.
Total: 1.908000 ms (FindLiveObjects: 0.251600 ms CreateObjectMapping: 0.092200 ms MarkObjects: 1.472100 ms  DeleteObjects: 0.091100 ms)

AssetImportWorkerClient::OnTransportError - code=2 error=End of file
